<?xml version="1.0" encoding="UTF-8"?>
<testsuite xmlns:xsi="http://www.w3.org/2001/XMLSchema-instance" xsi:noNamespaceSchemaLocation="https://maven.apache.org/surefire/maven-surefire-plugin/xsd/surefire-test-report-3.0.xsd" version="3.0" name="runner.TestRunner" time="10.148" tests="1" errors="1" skipped="0" failures="0">
  <properties>
    <property name="http.proxyHost" value="127.0.0.1"/>
    <property name="java.specification.version" value="17"/>
    <property name="sun.jnu.encoding" value="UTF-8"/>
    <property name="java.class.path" value="/Users/fitrirahmadhani/appium-automation/target/test-classes:/Users/fitrirahmadhani/appium-automation/target/classes:/Users/fitrirahmadhani/.m2/repository/io/cucumber/cucumber-java/7.11.0/cucumber-java-7.11.0.jar:/Users/fitrirahmadhani/.m2/repository/io/cucumber/cucumber-core/7.11.0/cucumber-core-7.11.0.jar:/Users/fitrirahmadhani/.m2/repository/io/cucumber/cucumber-gherkin/7.11.0/cucumber-gherkin-7.11.0.jar:/Users/fitrirahmadhani/.m2/repository/io/cucumber/cucumber-gherkin-messages/7.11.0/cucumber-gherkin-messages-7.11.0.jar:/Users/fitrirahmadhani/.m2/repository/io/cucumber/gherkin/26.0.3/gherkin-26.0.3.jar:/Users/fitrirahmadhani/.m2/repository/io/cucumber/messages/21.0.1/messages-21.0.1.jar:/Users/fitrirahmadhani/.m2/repository/io/cucumber/tag-expressions/5.0.1/tag-expressions-5.0.1.jar:/Users/fitrirahmadhani/.m2/repository/io/cucumber/cucumber-expressions/16.1.1/cucumber-expressions-16.1.1.jar:/Users/fitrirahmadhani/.m2/repository/io/cucumber/datatable/7.11.0/datatable-7.11.0.jar:/Users/fitrirahmadhani/.m2/repository/io/cucumber/cucumber-plugin/7.11.0/cucumber-plugin-7.11.0.jar:/Users/fitrirahmadhani/.m2/repository/io/cucumber/docstring/7.11.0/docstring-7.11.0.jar:/Users/fitrirahmadhani/.m2/repository/io/cucumber/html-formatter/20.2.1/html-formatter-20.2.1.jar:/Users/fitrirahmadhani/.m2/repository/io/cucumber/junit-xml-formatter/0.1.0/junit-xml-formatter-0.1.0.jar:/Users/fitrirahmadhani/.m2/repository/io/cucumber/ci-environment/9.1.0/ci-environment-9.1.0.jar:/Users/fitrirahmadhani/.m2/repository/org/apiguardian/apiguardian-api/1.1.2/apiguardian-api-1.1.2.jar:/Users/fitrirahmadhani/.m2/repository/io/cucumber/cucumber-junit/7.11.0/cucumber-junit-7.11.0.jar:/Users/fitrirahmadhani/.m2/repository/io/appium/java-client/8.5.1/java-client-8.5.1.jar:/Users/fitrirahmadhani/.m2/repository/commons-validator/commons-validator/1.7/commons-validator-1.7.jar:/Users/fitrirahmadhani/.m2/repository/commons-beanutils/commons-beanutils/1.9.4/commons-beanutils-1.9.4.jar:/Users/fitrirahmadhani/.m2/repository/commons-digester/commons-digester/2.1/commons-digester-2.1.jar:/Users/fitrirahmadhani/.m2/repository/commons-logging/commons-logging/1.2/commons-logging-1.2.jar:/Users/fitrirahmadhani/.m2/repository/commons-collections/commons-collections/3.2.2/commons-collections-3.2.2.jar:/Users/fitrirahmadhani/.m2/repository/org/apache/commons/commons-lang3/3.12.0/commons-lang3-3.12.0.jar:/Users/fitrirahmadhani/.m2/repository/commons-io/commons-io/2.12.0/commons-io-2.12.0.jar:/Users/fitrirahmadhani/.m2/repository/org/slf4j/slf4j-api/2.0.7/slf4j-api-2.0.7.jar:/Users/fitrirahmadhani/.m2/repository/org/seleniumhq/selenium/selenium-java/4.11.0/selenium-java-4.11.0.jar:/Users/fitrirahmadhani/.m2/repository/org/seleniumhq/selenium/selenium-api/4.11.0/selenium-api-4.11.0.jar:/Users/fitrirahmadhani/.m2/repository/org/seleniumhq/selenium/selenium-chrome-driver/4.11.0/selenium-chrome-driver-4.11.0.jar:/Users/fitrirahmadhani/.m2/repository/com/google/auto/service/auto-service-annotations/1.0.1/auto-service-annotations-1.0.1.jar:/Users/fitrirahmadhani/.m2/repository/com/google/guava/guava/31.1-jre/guava-31.1-jre.jar:/Users/fitrirahmadhani/.m2/repository/com/google/guava/failureaccess/1.0.1/failureaccess-1.0.1.jar:/Users/fitrirahmadhani/.m2/repository/com/google/guava/listenablefuture/9999.0-empty-to-avoid-conflict-with-guava/listenablefuture-9999.0-empty-to-avoid-conflict-with-guava.jar:/Users/fitrirahmadhani/.m2/repository/com/google/code/findbugs/jsr305/3.0.2/jsr305-3.0.2.jar:/Users/fitrirahmadhani/.m2/repository/org/checkerframework/checker-qual/3.12.0/checker-qual-3.12.0.jar:/Users/fitrirahmadhani/.m2/repository/com/google/errorprone/error_prone_annotations/2.11.0/error_prone_annotations-2.11.0.jar:/Users/fitrirahmadhani/.m2/repository/com/google/j2objc/j2objc-annotations/1.3/j2objc-annotations-1.3.jar:/Users/fitrirahmadhani/.m2/repository/org/seleniumhq/selenium/selenium-chromium-driver/4.11.0/selenium-chromium-driver-4.11.0.jar:/Users/fitrirahmadhani/.m2/repository/org/seleniumhq/selenium/selenium-json/4.11.0/selenium-json-4.11.0.jar:/Users/fitrirahmadhani/.m2/repository/org/seleniumhq/selenium/selenium-manager/4.11.0/selenium-manager-4.11.0.jar:/Users/fitrirahmadhani/.m2/repository/org/seleniumhq/selenium/selenium-devtools-v113/4.11.0/selenium-devtools-v113-4.11.0.jar:/Users/fitrirahmadhani/.m2/repository/org/seleniumhq/selenium/selenium-devtools-v114/4.11.0/selenium-devtools-v114-4.11.0.jar:/Users/fitrirahmadhani/.m2/repository/org/seleniumhq/selenium/selenium-devtools-v115/4.11.0/selenium-devtools-v115-4.11.0.jar:/Users/fitrirahmadhani/.m2/repository/org/seleniumhq/selenium/selenium-devtools-v85/4.11.0/selenium-devtools-v85-4.11.0.jar:/Users/fitrirahmadhani/.m2/repository/org/seleniumhq/selenium/selenium-edge-driver/4.11.0/selenium-edge-driver-4.11.0.jar:/Users/fitrirahmadhani/.m2/repository/org/seleniumhq/selenium/selenium-firefox-driver/4.11.0/selenium-firefox-driver-4.11.0.jar:/Users/fitrirahmadhani/.m2/repository/org/seleniumhq/selenium/selenium-http/4.11.0/selenium-http-4.11.0.jar:/Users/fitrirahmadhani/.m2/repository/dev/failsafe/failsafe/3.3.1/failsafe-3.3.1.jar:/Users/fitrirahmadhani/.m2/repository/org/seleniumhq/selenium/selenium-ie-driver/4.11.0/selenium-ie-driver-4.11.0.jar:/Users/fitrirahmadhani/.m2/repository/org/seleniumhq/selenium/selenium-remote-driver/4.11.0/selenium-remote-driver-4.11.0.jar:/Users/fitrirahmadhani/.m2/repository/io/netty/netty-buffer/4.1.92.Final/netty-buffer-4.1.92.Final.jar:/Users/fitrirahmadhani/.m2/repository/io/netty/netty-codec-http/4.1.92.Final/netty-codec-http-4.1.92.Final.jar:/Users/fitrirahmadhani/.m2/repository/io/netty/netty-codec/4.1.92.Final/netty-codec-4.1.92.Final.jar:/Users/fitrirahmadhani/.m2/repository/io/netty/netty-handler/4.1.92.Final/netty-handler-4.1.92.Final.jar:/Users/fitrirahmadhani/.m2/repository/io/netty/netty-common/4.1.92.Final/netty-common-4.1.92.Final.jar:/Users/fitrirahmadhani/.m2/repository/io/netty/netty-transport-classes-epoll/4.1.92.Final/netty-transport-classes-epoll-4.1.92.Final.jar:/Users/fitrirahmadhani/.m2/repository/io/netty/netty-transport-classes-kqueue/4.1.92.Final/netty-transport-classes-kqueue-4.1.92.Final.jar:/Users/fitrirahmadhani/.m2/repository/io/netty/netty-transport-native-epoll/4.1.92.Final/netty-transport-native-epoll-4.1.92.Final.jar:/Users/fitrirahmadhani/.m2/repository/io/netty/netty-transport-native-kqueue/4.1.92.Final/netty-transport-native-kqueue-4.1.92.Final.jar:/Users/fitrirahmadhani/.m2/repository/io/netty/netty-transport-native-unix-common/4.1.92.Final/netty-transport-native-unix-common-4.1.92.Final.jar:/Users/fitrirahmadhani/.m2/repository/io/netty/netty-transport/4.1.92.Final/netty-transport-4.1.92.Final.jar:/Users/fitrirahmadhani/.m2/repository/io/netty/netty-resolver/4.1.92.Final/netty-resolver-4.1.92.Final.jar:/Users/fitrirahmadhani/.m2/repository/io/opentelemetry/opentelemetry-api/1.26.0/opentelemetry-api-1.26.0.jar:/Users/fitrirahmadhani/.m2/repository/io/opentelemetry/opentelemetry-context/1.26.0/opentelemetry-context-1.26.0.jar:/Users/fitrirahmadhani/.m2/repository/io/opentelemetry/opentelemetry-exporter-logging/1.26.0/opentelemetry-exporter-logging-1.26.0.jar:/Users/fitrirahmadhani/.m2/repository/io/opentelemetry/opentelemetry-sdk-metrics/1.26.0/opentelemetry-sdk-metrics-1.26.0.jar:/Users/fitrirahmadhani/.m2/repository/io/opentelemetry/opentelemetry-extension-incubator/1.26.0-alpha/opentelemetry-extension-incubator-1.26.0-alpha.jar:/Users/fitrirahmadhani/.m2/repository/io/opentelemetry/opentelemetry-sdk-logs/1.26.0-alpha/opentelemetry-sdk-logs-1.26.0-alpha.jar:/Users/fitrirahmadhani/.m2/repository/io/opentelemetry/opentelemetry-api-logs/1.26.0-alpha/opentelemetry-api-logs-1.26.0-alpha.jar:/Users/fitrirahmadhani/.m2/repository/io/opentelemetry/opentelemetry-api-events/1.26.0-alpha/opentelemetry-api-events-1.26.0-alpha.jar:/Users/fitrirahmadhani/.m2/repository/io/opentelemetry/opentelemetry-sdk-common/1.26.0/opentelemetry-sdk-common-1.26.0.jar:/Users/fitrirahmadhani/.m2/repository/io/opentelemetry/opentelemetry-sdk-extension-autoconfigure-spi/1.26.0/opentelemetry-sdk-extension-autoconfigure-spi-1.26.0.jar:/Users/fitrirahmadhani/.m2/repository/io/opentelemetry/opentelemetry-sdk-extension-autoconfigure/1.26.0-alpha/opentelemetry-sdk-extension-autoconfigure-1.26.0-alpha.jar:/Users/fitrirahmadhani/.m2/repository/io/opentelemetry/opentelemetry-sdk-trace/1.26.0/opentelemetry-sdk-trace-1.26.0.jar:/Users/fitrirahmadhani/.m2/repository/io/opentelemetry/opentelemetry-sdk/1.26.0/opentelemetry-sdk-1.26.0.jar:/Users/fitrirahmadhani/.m2/repository/io/opentelemetry/opentelemetry-semconv/1.26.0-alpha/opentelemetry-semconv-1.26.0-alpha.jar:/Users/fitrirahmadhani/.m2/repository/net/bytebuddy/byte-buddy/1.14.4/byte-buddy-1.14.4.jar:/Users/fitrirahmadhani/.m2/repository/org/apache/commons/commons-exec/1.3/commons-exec-1.3.jar:/Users/fitrirahmadhani/.m2/repository/org/asynchttpclient/async-http-client/2.12.3/async-http-client-2.12.3.jar:/Users/fitrirahmadhani/.m2/repository/org/asynchttpclient/async-http-client-netty-utils/2.12.3/async-http-client-netty-utils-2.12.3.jar:/Users/fitrirahmadhani/.m2/repository/io/netty/netty-codec-socks/4.1.60.Final/netty-codec-socks-4.1.60.Final.jar:/Users/fitrirahmadhani/.m2/repository/io/netty/netty-handler-proxy/4.1.60.Final/netty-handler-proxy-4.1.60.Final.jar:/Users/fitrirahmadhani/.m2/repository/io/netty/netty-transport-native-epoll/4.1.60.Final/netty-transport-native-epoll-4.1.60.Final-linux-x86_64.jar:/Users/fitrirahmadhani/.m2/repository/io/netty/netty-transport-native-kqueue/4.1.60.Final/netty-transport-native-kqueue-4.1.60.Final-osx-x86_64.jar:/Users/fitrirahmadhani/.m2/repository/org/reactivestreams/reactive-streams/1.0.3/reactive-streams-1.0.3.jar:/Users/fitrirahmadhani/.m2/repository/com/typesafe/netty/netty-reactive-streams/2.0.4/netty-reactive-streams-2.0.4.jar:/Users/fitrirahmadhani/.m2/repository/com/sun/activation/jakarta.activation/1.2.2/jakarta.activation-1.2.2.jar:/Users/fitrirahmadhani/.m2/repository/org/seleniumhq/selenium/selenium-safari-driver/4.11.0/selenium-safari-driver-4.11.0.jar:/Users/fitrirahmadhani/.m2/repository/org/seleniumhq/selenium/selenium-support/4.11.0/selenium-support-4.11.0.jar:/Users/fitrirahmadhani/.m2/repository/junit/junit/4.13.2/junit-4.13.2.jar:/Users/fitrirahmadhani/.m2/repository/org/hamcrest/hamcrest-core/1.3/hamcrest-core-1.3.jar:/Users/fitrirahmadhani/.m2/repository/io/rest-assured/rest-assured/5.3.0/rest-assured-5.3.0.jar:/Users/fitrirahmadhani/.m2/repository/org/apache/groovy/groovy/4.0.6/groovy-4.0.6.jar:/Users/fitrirahmadhani/.m2/repository/org/apache/groovy/groovy-xml/4.0.6/groovy-xml-4.0.6.jar:/Users/fitrirahmadhani/.m2/repository/org/apache/httpcomponents/httpclient/4.5.13/httpclient-4.5.13.jar:/Users/fitrirahmadhani/.m2/repository/org/apache/httpcomponents/httpcore/4.4.13/httpcore-4.4.13.jar:/Users/fitrirahmadhani/.m2/repository/commons-codec/commons-codec/1.11/commons-codec-1.11.jar:/Users/fitrirahmadhani/.m2/repository/org/apache/httpcomponents/httpmime/4.5.13/httpmime-4.5.13.jar:/Users/fitrirahmadhani/.m2/repository/org/hamcrest/hamcrest/2.1/hamcrest-2.1.jar:/Users/fitrirahmadhani/.m2/repository/org/ccil/cowan/tagsoup/tagsoup/1.2.1/tagsoup-1.2.1.jar:/Users/fitrirahmadhani/.m2/repository/io/rest-assured/json-path/5.3.0/json-path-5.3.0.jar:/Users/fitrirahmadhani/.m2/repository/org/apache/groovy/groovy-json/4.0.6/groovy-json-4.0.6.jar:/Users/fitrirahmadhani/.m2/repository/io/rest-assured/rest-assured-common/5.3.0/rest-assured-common-5.3.0.jar:/Users/fitrirahmadhani/.m2/repository/io/rest-assured/xml-path/5.3.0/xml-path-5.3.0.jar:/Users/fitrirahmadhani/.m2/repository/com/google/code/gson/gson/2.8.9/gson-2.8.9.jar:"/>
    <property name="https.proxyPort" value="8888"/>
    <property name="java.vm.vendor" value="Oracle Corporation"/>
    <property name="sun.arch.data.model" value="64"/>
    <property name="java.vendor.url" value="https://java.oracle.com/"/>
    <property name="os.name" value="Mac OS X"/>
    <property name="java.vm.specification.version" value="17"/>
    <property name="sun.java.launcher" value="SUN_STANDARD"/>
    <property name="user.country" value="ID"/>
    <property name="sun.boot.library.path" value="/Library/Java/JavaVirtualMachines/jdk-17.jdk/Contents/Home/lib"/>
    <property name="sun.java.command" value="/Users/fitrirahmadhani/appium-automation/target/surefire/surefirebooter-20241014001538808_3.jar /Users/fitrirahmadhani/appium-automation/target/surefire 2024-10-14T00-15-38_719-jvmRun1 surefire-20241014001538808_1tmp surefire_0-20241014001538808_2tmp"/>
    <property name="jdk.debug" value="release"/>
    <property name="surefire.test.class.path" value="/Users/fitrirahmadhani/appium-automation/target/test-classes:/Users/fitrirahmadhani/appium-automation/target/classes:/Users/fitrirahmadhani/.m2/repository/io/cucumber/cucumber-java/7.11.0/cucumber-java-7.11.0.jar:/Users/fitrirahmadhani/.m2/repository/io/cucumber/cucumber-core/7.11.0/cucumber-core-7.11.0.jar:/Users/fitrirahmadhani/.m2/repository/io/cucumber/cucumber-gherkin/7.11.0/cucumber-gherkin-7.11.0.jar:/Users/fitrirahmadhani/.m2/repository/io/cucumber/cucumber-gherkin-messages/7.11.0/cucumber-gherkin-messages-7.11.0.jar:/Users/fitrirahmadhani/.m2/repository/io/cucumber/gherkin/26.0.3/gherkin-26.0.3.jar:/Users/fitrirahmadhani/.m2/repository/io/cucumber/messages/21.0.1/messages-21.0.1.jar:/Users/fitrirahmadhani/.m2/repository/io/cucumber/tag-expressions/5.0.1/tag-expressions-5.0.1.jar:/Users/fitrirahmadhani/.m2/repository/io/cucumber/cucumber-expressions/16.1.1/cucumber-expressions-16.1.1.jar:/Users/fitrirahmadhani/.m2/repository/io/cucumber/datatable/7.11.0/datatable-7.11.0.jar:/Users/fitrirahmadhani/.m2/repository/io/cucumber/cucumber-plugin/7.11.0/cucumber-plugin-7.11.0.jar:/Users/fitrirahmadhani/.m2/repository/io/cucumber/docstring/7.11.0/docstring-7.11.0.jar:/Users/fitrirahmadhani/.m2/repository/io/cucumber/html-formatter/20.2.1/html-formatter-20.2.1.jar:/Users/fitrirahmadhani/.m2/repository/io/cucumber/junit-xml-formatter/0.1.0/junit-xml-formatter-0.1.0.jar:/Users/fitrirahmadhani/.m2/repository/io/cucumber/ci-environment/9.1.0/ci-environment-9.1.0.jar:/Users/fitrirahmadhani/.m2/repository/org/apiguardian/apiguardian-api/1.1.2/apiguardian-api-1.1.2.jar:/Users/fitrirahmadhani/.m2/repository/io/cucumber/cucumber-junit/7.11.0/cucumber-junit-7.11.0.jar:/Users/fitrirahmadhani/.m2/repository/io/appium/java-client/8.5.1/java-client-8.5.1.jar:/Users/fitrirahmadhani/.m2/repository/commons-validator/commons-validator/1.7/commons-validator-1.7.jar:/Users/fitrirahmadhani/.m2/repository/commons-beanutils/commons-beanutils/1.9.4/commons-beanutils-1.9.4.jar:/Users/fitrirahmadhani/.m2/repository/commons-digester/commons-digester/2.1/commons-digester-2.1.jar:/Users/fitrirahmadhani/.m2/repository/commons-logging/commons-logging/1.2/commons-logging-1.2.jar:/Users/fitrirahmadhani/.m2/repository/commons-collections/commons-collections/3.2.2/commons-collections-3.2.2.jar:/Users/fitrirahmadhani/.m2/repository/org/apache/commons/commons-lang3/3.12.0/commons-lang3-3.12.0.jar:/Users/fitrirahmadhani/.m2/repository/commons-io/commons-io/2.12.0/commons-io-2.12.0.jar:/Users/fitrirahmadhani/.m2/repository/org/slf4j/slf4j-api/2.0.7/slf4j-api-2.0.7.jar:/Users/fitrirahmadhani/.m2/repository/org/seleniumhq/selenium/selenium-java/4.11.0/selenium-java-4.11.0.jar:/Users/fitrirahmadhani/.m2/repository/org/seleniumhq/selenium/selenium-api/4.11.0/selenium-api-4.11.0.jar:/Users/fitrirahmadhani/.m2/repository/org/seleniumhq/selenium/selenium-chrome-driver/4.11.0/selenium-chrome-driver-4.11.0.jar:/Users/fitrirahmadhani/.m2/repository/com/google/auto/service/auto-service-annotations/1.0.1/auto-service-annotations-1.0.1.jar:/Users/fitrirahmadhani/.m2/repository/com/google/guava/guava/31.1-jre/guava-31.1-jre.jar:/Users/fitrirahmadhani/.m2/repository/com/google/guava/failureaccess/1.0.1/failureaccess-1.0.1.jar:/Users/fitrirahmadhani/.m2/repository/com/google/guava/listenablefuture/9999.0-empty-to-avoid-conflict-with-guava/listenablefuture-9999.0-empty-to-avoid-conflict-with-guava.jar:/Users/fitrirahmadhani/.m2/repository/com/google/code/findbugs/jsr305/3.0.2/jsr305-3.0.2.jar:/Users/fitrirahmadhani/.m2/repository/org/checkerframework/checker-qual/3.12.0/checker-qual-3.12.0.jar:/Users/fitrirahmadhani/.m2/repository/com/google/errorprone/error_prone_annotations/2.11.0/error_prone_annotations-2.11.0.jar:/Users/fitrirahmadhani/.m2/repository/com/google/j2objc/j2objc-annotations/1.3/j2objc-annotations-1.3.jar:/Users/fitrirahmadhani/.m2/repository/org/seleniumhq/selenium/selenium-chromium-driver/4.11.0/selenium-chromium-driver-4.11.0.jar:/Users/fitrirahmadhani/.m2/repository/org/seleniumhq/selenium/selenium-json/4.11.0/selenium-json-4.11.0.jar:/Users/fitrirahmadhani/.m2/repository/org/seleniumhq/selenium/selenium-manager/4.11.0/selenium-manager-4.11.0.jar:/Users/fitrirahmadhani/.m2/repository/org/seleniumhq/selenium/selenium-devtools-v113/4.11.0/selenium-devtools-v113-4.11.0.jar:/Users/fitrirahmadhani/.m2/repository/org/seleniumhq/selenium/selenium-devtools-v114/4.11.0/selenium-devtools-v114-4.11.0.jar:/Users/fitrirahmadhani/.m2/repository/org/seleniumhq/selenium/selenium-devtools-v115/4.11.0/selenium-devtools-v115-4.11.0.jar:/Users/fitrirahmadhani/.m2/repository/org/seleniumhq/selenium/selenium-devtools-v85/4.11.0/selenium-devtools-v85-4.11.0.jar:/Users/fitrirahmadhani/.m2/repository/org/seleniumhq/selenium/selenium-edge-driver/4.11.0/selenium-edge-driver-4.11.0.jar:/Users/fitrirahmadhani/.m2/repository/org/seleniumhq/selenium/selenium-firefox-driver/4.11.0/selenium-firefox-driver-4.11.0.jar:/Users/fitrirahmadhani/.m2/repository/org/seleniumhq/selenium/selenium-http/4.11.0/selenium-http-4.11.0.jar:/Users/fitrirahmadhani/.m2/repository/dev/failsafe/failsafe/3.3.1/failsafe-3.3.1.jar:/Users/fitrirahmadhani/.m2/repository/org/seleniumhq/selenium/selenium-ie-driver/4.11.0/selenium-ie-driver-4.11.0.jar:/Users/fitrirahmadhani/.m2/repository/org/seleniumhq/selenium/selenium-remote-driver/4.11.0/selenium-remote-driver-4.11.0.jar:/Users/fitrirahmadhani/.m2/repository/io/netty/netty-buffer/4.1.92.Final/netty-buffer-4.1.92.Final.jar:/Users/fitrirahmadhani/.m2/repository/io/netty/netty-codec-http/4.1.92.Final/netty-codec-http-4.1.92.Final.jar:/Users/fitrirahmadhani/.m2/repository/io/netty/netty-codec/4.1.92.Final/netty-codec-4.1.92.Final.jar:/Users/fitrirahmadhani/.m2/repository/io/netty/netty-handler/4.1.92.Final/netty-handler-4.1.92.Final.jar:/Users/fitrirahmadhani/.m2/repository/io/netty/netty-common/4.1.92.Final/netty-common-4.1.92.Final.jar:/Users/fitrirahmadhani/.m2/repository/io/netty/netty-transport-classes-epoll/4.1.92.Final/netty-transport-classes-epoll-4.1.92.Final.jar:/Users/fitrirahmadhani/.m2/repository/io/netty/netty-transport-classes-kqueue/4.1.92.Final/netty-transport-classes-kqueue-4.1.92.Final.jar:/Users/fitrirahmadhani/.m2/repository/io/netty/netty-transport-native-epoll/4.1.92.Final/netty-transport-native-epoll-4.1.92.Final.jar:/Users/fitrirahmadhani/.m2/repository/io/netty/netty-transport-native-kqueue/4.1.92.Final/netty-transport-native-kqueue-4.1.92.Final.jar:/Users/fitrirahmadhani/.m2/repository/io/netty/netty-transport-native-unix-common/4.1.92.Final/netty-transport-native-unix-common-4.1.92.Final.jar:/Users/fitrirahmadhani/.m2/repository/io/netty/netty-transport/4.1.92.Final/netty-transport-4.1.92.Final.jar:/Users/fitrirahmadhani/.m2/repository/io/netty/netty-resolver/4.1.92.Final/netty-resolver-4.1.92.Final.jar:/Users/fitrirahmadhani/.m2/repository/io/opentelemetry/opentelemetry-api/1.26.0/opentelemetry-api-1.26.0.jar:/Users/fitrirahmadhani/.m2/repository/io/opentelemetry/opentelemetry-context/1.26.0/opentelemetry-context-1.26.0.jar:/Users/fitrirahmadhani/.m2/repository/io/opentelemetry/opentelemetry-exporter-logging/1.26.0/opentelemetry-exporter-logging-1.26.0.jar:/Users/fitrirahmadhani/.m2/repository/io/opentelemetry/opentelemetry-sdk-metrics/1.26.0/opentelemetry-sdk-metrics-1.26.0.jar:/Users/fitrirahmadhani/.m2/repository/io/opentelemetry/opentelemetry-extension-incubator/1.26.0-alpha/opentelemetry-extension-incubator-1.26.0-alpha.jar:/Users/fitrirahmadhani/.m2/repository/io/opentelemetry/opentelemetry-sdk-logs/1.26.0-alpha/opentelemetry-sdk-logs-1.26.0-alpha.jar:/Users/fitrirahmadhani/.m2/repository/io/opentelemetry/opentelemetry-api-logs/1.26.0-alpha/opentelemetry-api-logs-1.26.0-alpha.jar:/Users/fitrirahmadhani/.m2/repository/io/opentelemetry/opentelemetry-api-events/1.26.0-alpha/opentelemetry-api-events-1.26.0-alpha.jar:/Users/fitrirahmadhani/.m2/repository/io/opentelemetry/opentelemetry-sdk-common/1.26.0/opentelemetry-sdk-common-1.26.0.jar:/Users/fitrirahmadhani/.m2/repository/io/opentelemetry/opentelemetry-sdk-extension-autoconfigure-spi/1.26.0/opentelemetry-sdk-extension-autoconfigure-spi-1.26.0.jar:/Users/fitrirahmadhani/.m2/repository/io/opentelemetry/opentelemetry-sdk-extension-autoconfigure/1.26.0-alpha/opentelemetry-sdk-extension-autoconfigure-1.26.0-alpha.jar:/Users/fitrirahmadhani/.m2/repository/io/opentelemetry/opentelemetry-sdk-trace/1.26.0/opentelemetry-sdk-trace-1.26.0.jar:/Users/fitrirahmadhani/.m2/repository/io/opentelemetry/opentelemetry-sdk/1.26.0/opentelemetry-sdk-1.26.0.jar:/Users/fitrirahmadhani/.m2/repository/io/opentelemetry/opentelemetry-semconv/1.26.0-alpha/opentelemetry-semconv-1.26.0-alpha.jar:/Users/fitrirahmadhani/.m2/repository/net/bytebuddy/byte-buddy/1.14.4/byte-buddy-1.14.4.jar:/Users/fitrirahmadhani/.m2/repository/org/apache/commons/commons-exec/1.3/commons-exec-1.3.jar:/Users/fitrirahmadhani/.m2/repository/org/asynchttpclient/async-http-client/2.12.3/async-http-client-2.12.3.jar:/Users/fitrirahmadhani/.m2/repository/org/asynchttpclient/async-http-client-netty-utils/2.12.3/async-http-client-netty-utils-2.12.3.jar:/Users/fitrirahmadhani/.m2/repository/io/netty/netty-codec-socks/4.1.60.Final/netty-codec-socks-4.1.60.Final.jar:/Users/fitrirahmadhani/.m2/repository/io/netty/netty-handler-proxy/4.1.60.Final/netty-handler-proxy-4.1.60.Final.jar:/Users/fitrirahmadhani/.m2/repository/io/netty/netty-transport-native-epoll/4.1.60.Final/netty-transport-native-epoll-4.1.60.Final-linux-x86_64.jar:/Users/fitrirahmadhani/.m2/repository/io/netty/netty-transport-native-kqueue/4.1.60.Final/netty-transport-native-kqueue-4.1.60.Final-osx-x86_64.jar:/Users/fitrirahmadhani/.m2/repository/org/reactivestreams/reactive-streams/1.0.3/reactive-streams-1.0.3.jar:/Users/fitrirahmadhani/.m2/repository/com/typesafe/netty/netty-reactive-streams/2.0.4/netty-reactive-streams-2.0.4.jar:/Users/fitrirahmadhani/.m2/repository/com/sun/activation/jakarta.activation/1.2.2/jakarta.activation-1.2.2.jar:/Users/fitrirahmadhani/.m2/repository/org/seleniumhq/selenium/selenium-safari-driver/4.11.0/selenium-safari-driver-4.11.0.jar:/Users/fitrirahmadhani/.m2/repository/org/seleniumhq/selenium/selenium-support/4.11.0/selenium-support-4.11.0.jar:/Users/fitrirahmadhani/.m2/repository/junit/junit/4.13.2/junit-4.13.2.jar:/Users/fitrirahmadhani/.m2/repository/org/hamcrest/hamcrest-core/1.3/hamcrest-core-1.3.jar:/Users/fitrirahmadhani/.m2/repository/io/rest-assured/rest-assured/5.3.0/rest-assured-5.3.0.jar:/Users/fitrirahmadhani/.m2/repository/org/apache/groovy/groovy/4.0.6/groovy-4.0.6.jar:/Users/fitrirahmadhani/.m2/repository/org/apache/groovy/groovy-xml/4.0.6/groovy-xml-4.0.6.jar:/Users/fitrirahmadhani/.m2/repository/org/apache/httpcomponents/httpclient/4.5.13/httpclient-4.5.13.jar:/Users/fitrirahmadhani/.m2/repository/org/apache/httpcomponents/httpcore/4.4.13/httpcore-4.4.13.jar:/Users/fitrirahmadhani/.m2/repository/commons-codec/commons-codec/1.11/commons-codec-1.11.jar:/Users/fitrirahmadhani/.m2/repository/org/apache/httpcomponents/httpmime/4.5.13/httpmime-4.5.13.jar:/Users/fitrirahmadhani/.m2/repository/org/hamcrest/hamcrest/2.1/hamcrest-2.1.jar:/Users/fitrirahmadhani/.m2/repository/org/ccil/cowan/tagsoup/tagsoup/1.2.1/tagsoup-1.2.1.jar:/Users/fitrirahmadhani/.m2/repository/io/rest-assured/json-path/5.3.0/json-path-5.3.0.jar:/Users/fitrirahmadhani/.m2/repository/org/apache/groovy/groovy-json/4.0.6/groovy-json-4.0.6.jar:/Users/fitrirahmadhani/.m2/repository/io/rest-assured/rest-assured-common/5.3.0/rest-assured-common-5.3.0.jar:/Users/fitrirahmadhani/.m2/repository/io/rest-assured/xml-path/5.3.0/xml-path-5.3.0.jar:/Users/fitrirahmadhani/.m2/repository/com/google/code/gson/gson/2.8.9/gson-2.8.9.jar:"/>
    <property name="sun.cpu.endian" value="little"/>
    <property name="user.home" value="/Users/fitrirahmadhani"/>
    <property name="user.language" value="en"/>
    <property name="java.specification.vendor" value="Oracle Corporation"/>
    <property name="java.version.date" value="2024-04-16"/>
    <property name="java.home" value="/Library/Java/JavaVirtualMachines/jdk-17.jdk/Contents/Home"/>
    <property name="file.separator" value="/"/>
    <property name="https.proxyHost" value="127.0.0.1"/>
    <property name="basedir" value="/Users/fitrirahmadhani/appium-automation"/>
    <property name="java.vm.compressedOopsMode" value="Zero based"/>
    <property name="line.separator" value="&#10;"/>
    <property name="java.specification.name" value="Java Platform API Specification"/>
    <property name="java.vm.specification.vendor" value="Oracle Corporation"/>
    <property name="surefire.real.class.path" value="/Users/fitrirahmadhani/appium-automation/target/surefire/surefirebooter-20241014001538808_3.jar"/>
    <property name="sun.management.compiler" value="HotSpot 64-Bit Tiered Compilers"/>
    <property name="java.runtime.version" value="17.0.11+7-LTS-207"/>
    <property name="user.name" value="fitrirahmadhani"/>
    <property name="path.separator" value=":"/>
    <property name="os.version" value="14.3"/>
    <property name="java.runtime.name" value="Java(TM) SE Runtime Environment"/>
    <property name="file.encoding" value="UTF-8"/>
    <property name="java.vm.name" value="Java HotSpot(TM) 64-Bit Server VM"/>
    <property name="localRepository" value="/Users/fitrirahmadhani/.m2/repository"/>
    <property name="java.vendor.url.bug" value="https://bugreport.java.com/bugreport/"/>
    <property name="java.io.tmpdir" value="/var/folders/2s/r3j0k97s20z2n4ynypbz8vtm0000gn/T/"/>
    <property name="java.version" value="17.0.11"/>
    <property name="user.dir" value="/Users/fitrirahmadhani/appium-automation"/>
    <property name="os.arch" value="aarch64"/>
    <property name="java.vm.specification.name" value="Java Virtual Machine Specification"/>
    <property name="native.encoding" value="UTF-8"/>
    <property name="java.library.path" value="/Users/fitrirahmadhani/Library/Java/Extensions:/Library/Java/Extensions:/Network/Library/Java/Extensions:/System/Library/Java/Extensions:/usr/lib/java:."/>
    <property name="java.vm.info" value="mixed mode, sharing"/>
    <property name="java.vendor" value="Oracle Corporation"/>
    <property name="java.vm.version" value="17.0.11+7-LTS-207"/>
    <property name="sun.io.unicode.encoding" value="UnicodeBig"/>
    <property name="java.class.version" value="61.0"/>
    <property name="http.proxyPort" value="8888"/>
  </properties>
  <testcase name="User can login with valid credentials" classname="Login functionality" time="9.877">
    <error message="An element could not be located on the page using the given search parameters.&#10;For documentation on this error, please visit: https://www.selenium.dev/documentation/webdriver/troubleshooting/errors#no-such-element-exception&#10;Build info: version: &apos;4.11.0&apos;, revision: &apos;040bc5406b&apos;&#10;System info: os.name: &apos;Mac OS X&apos;, os.arch: &apos;aarch64&apos;, os.version: &apos;14.3&apos;, java.version: &apos;17.0.11&apos;&#10;Driver info: io.appium.java_client.android.AndroidDriver&#10;Command: [50b1ca34-af9c-40f2-b5b0-5aafad7c81ec, findElement {using=id, value=com.example:id/emailField}]&#10;Capabilities {appium:appActivity: com.uptodown.activities.Mai..., appium:appPackage: com.uptodown, appium:automationName: UiAutomator2, appium:databaseEnabled: false, appium:desired: {appActivity: com.uptodown.activities.Mai..., appPackage: com.uptodown, automationName: UiAutomator2, deviceName: Pixel_7_API_31, noReset: true, platformName: ANDROID, platformVersion: 12.0}, appium:deviceApiLevel: 31, appium:deviceManufacturer: Google, appium:deviceModel: sdk_gphone64_arm64, appium:deviceName: emulator-5554, appium:deviceScreenDensity: 420, appium:deviceScreenSize: 1080x2400, appium:deviceUDID: emulator-5554, appium:javascriptEnabled: true, appium:locationContextEnabled: false, appium:networkConnectionEnabled: true, appium:noReset: true, appium:pixelRatio: 2.625, appium:platformVersion: 12, appium:statBarHeight: 63, appium:takesScreenshot: true, appium:viewportRect: {height: 2211, left: 0, top: 63, width: 1080}, appium:warnings: {}, appium:webStorageEnabled: false, platformName: ANDROID}&#10;Session ID: 50b1ca34-af9c-40f2-b5b0-5aafad7c81ec" type="org.openqa.selenium.NoSuchElementException"><![CDATA[org.openqa.selenium.NoSuchElementException: 
An element could not be located on the page using the given search parameters.
For documentation on this error, please visit: https://www.selenium.dev/documentation/webdriver/troubleshooting/errors#no-such-element-exception
Build info: version: '4.11.0', revision: '040bc5406b'
System info: os.name: 'Mac OS X', os.arch: 'aarch64', os.version: '14.3', java.version: '17.0.11'
Driver info: io.appium.java_client.android.AndroidDriver
Command: [50b1ca34-af9c-40f2-b5b0-5aafad7c81ec, findElement {using=id, value=com.example:id/emailField}]
Capabilities {appium:appActivity: com.uptodown.activities.Mai..., appium:appPackage: com.uptodown, appium:automationName: UiAutomator2, appium:databaseEnabled: false, appium:desired: {appActivity: com.uptodown.activities.Mai..., appPackage: com.uptodown, automationName: UiAutomator2, deviceName: Pixel_7_API_31, noReset: true, platformName: ANDROID, platformVersion: 12.0}, appium:deviceApiLevel: 31, appium:deviceManufacturer: Google, appium:deviceModel: sdk_gphone64_arm64, appium:deviceName: emulator-5554, appium:deviceScreenDensity: 420, appium:deviceScreenSize: 1080x2400, appium:deviceUDID: emulator-5554, appium:javascriptEnabled: true, appium:locationContextEnabled: false, appium:networkConnectionEnabled: true, appium:noReset: true, appium:pixelRatio: 2.625, appium:platformVersion: 12, appium:statBarHeight: 63, appium:takesScreenshot: true, appium:viewportRect: {height: 2211, left: 0, top: 63, width: 1080}, appium:warnings: {}, appium:webStorageEnabled: false, platformName: ANDROID}
Session ID: 50b1ca34-af9c-40f2-b5b0-5aafad7c81ec
	at java.base/jdk.internal.reflect.NativeConstructorAccessorImpl.newInstance0(Native Method)
	at java.base/jdk.internal.reflect.NativeConstructorAccessorImpl.newInstance(NativeConstructorAccessorImpl.java:77)
	at java.base/jdk.internal.reflect.DelegatingConstructorAccessorImpl.newInstance(DelegatingConstructorAccessorImpl.java:45)
	at java.base/java.lang.reflect.Constructor.newInstanceWithCaller(Constructor.java:499)
	at java.base/java.lang.reflect.Constructor.newInstance(Constructor.java:480)
	at org.openqa.selenium.remote.codec.w3c.W3CHttpResponseCodec.createException(W3CHttpResponseCodec.java:200)
	at org.openqa.selenium.remote.codec.w3c.W3CHttpResponseCodec.decode(W3CHttpResponseCodec.java:133)
	at org.openqa.selenium.remote.codec.w3c.W3CHttpResponseCodec.decode(W3CHttpResponseCodec.java:52)
	at org.openqa.selenium.remote.HttpCommandExecutor.execute(HttpCommandExecutor.java:191)
	at io.appium.java_client.remote.AppiumCommandExecutor.execute(AppiumCommandExecutor.java:250)
	at org.openqa.selenium.remote.RemoteWebDriver.execute(RemoteWebDriver.java:518)
	at org.openqa.selenium.remote.ElementLocation$ElementFinder$2.findElement(ElementLocation.java:165)
	at org.openqa.selenium.remote.ElementLocation.findElement(ElementLocation.java:66)
	at org.openqa.selenium.remote.RemoteWebDriver.findElement(RemoteWebDriver.java:355)
	at org.openqa.selenium.remote.RemoteWebDriver.findElement(RemoteWebDriver.java:349)
	at steps.LoginSteps.theUserEntersCredentials(LoginSteps.java:18)
	at ✽.the user enters "test@example.com" and "password123"(file:///Users/fitrirahmadhani/appium-automation/src/test/resources/features/login.feature:5)
]]></error>
    <system-out><![CDATA[
Scenario: User can login with valid credentials             &amp#27;[90m# src/test/resources/features/login.feature:3&amp#27;[0m
  &amp#27;[32mGiven &amp#27;[0m&amp#27;[32mthe app is launched&amp#27;[0m                                 &amp#27;[90m# steps.LoginSteps.theAppIsLaunched()&amp#27;[0m
  &amp#27;[31mWhen &amp#27;[0m&amp#27;[31mthe user enters &amp#27;[0m&amp#27;[31m&amp#27;[1m"test@example.com"&amp#27;[0m&amp#27;[31m and &amp#27;[0m&amp#27;[31m&amp#27;[1m"password123"&amp#27;[0m &amp#27;[90m# steps.LoginSteps.theUserEntersCredentials(java.lang.String,java.lang.String)&amp#27;[0m
      &amp#27;[31morg.openqa.selenium.NoSuchElementException: An element could not be located on the page using the given search parameters.
For documentation on this error, please visit: https://www.selenium.dev/documentation/webdriver/troubleshooting/errors#no-such-element-exception
Build info: version: '4.11.0', revision: '040bc5406b'
System info: os.name: 'Mac OS X', os.arch: 'aarch64', os.version: '14.3', java.version: '17.0.11'
Driver info: io.appium.java_client.android.AndroidDriver
Command: [50b1ca34-af9c-40f2-b5b0-5aafad7c81ec, findElement {using=id, value=com.example:id/emailField}]
Capabilities {appium:appActivity: com.uptodown.activities.Mai..., appium:appPackage: com.uptodown, appium:automationName: UiAutomator2, appium:databaseEnabled: false, appium:desired: {appActivity: com.uptodown.activities.Mai..., appPackage: com.uptodown, automationName: UiAutomator2, deviceName: Pixel_7_API_31, noReset: true, platformName: ANDROID, platformVersion: 12.0}, appium:deviceApiLevel: 31, appium:deviceManufacturer: Google, appium:deviceModel: sdk_gphone64_arm64, appium:deviceName: emulator-5554, appium:deviceScreenDensity: 420, appium:deviceScreenSize: 1080x2400, appium:deviceUDID: emulator-5554, appium:javascriptEnabled: true, appium:locationContextEnabled: false, appium:networkConnectionEnabled: true, appium:noReset: true, appium:pixelRatio: 2.625, appium:platformVersion: 12, appium:statBarHeight: 63, appium:takesScreenshot: true, appium:viewportRect: {height: 2211, left: 0, top: 63, width: 1080}, appium:warnings: {}, appium:webStorageEnabled: false, platformName: ANDROID}
Session ID: 50b1ca34-af9c-40f2-b5b0-5aafad7c81ec
	at java.base/jdk.internal.reflect.NativeConstructorAccessorImpl.newInstance0(Native Method)
	at java.base/jdk.internal.reflect.NativeConstructorAccessorImpl.newInstance(NativeConstructorAccessorImpl.java:77)
	at java.base/jdk.internal.reflect.DelegatingConstructorAccessorImpl.newInstance(DelegatingConstructorAccessorImpl.java:45)
	at java.base/java.lang.reflect.Constructor.newInstanceWithCaller(Constructor.java:499)
	at java.base/java.lang.reflect.Constructor.newInstance(Constructor.java:480)
	at org.openqa.selenium.remote.codec.w3c.W3CHttpResponseCodec.createException(W3CHttpResponseCodec.java:200)
	at org.openqa.selenium.remote.codec.w3c.W3CHttpResponseCodec.decode(W3CHttpResponseCodec.java:133)
	at org.openqa.selenium.remote.codec.w3c.W3CHttpResponseCodec.decode(W3CHttpResponseCodec.java:52)
	at org.openqa.selenium.remote.HttpCommandExecutor.execute(HttpCommandExecutor.java:191)
	at io.appium.java_client.remote.AppiumCommandExecutor.execute(AppiumCommandExecutor.java:250)
	at org.openqa.selenium.remote.RemoteWebDriver.execute(RemoteWebDriver.java:518)
	at org.openqa.selenium.remote.ElementLocation$ElementFinder$2.findElement(ElementLocation.java:165)
	at org.openqa.selenium.remote.ElementLocation.findElement(ElementLocation.java:66)
	at org.openqa.selenium.remote.RemoteWebDriver.findElement(RemoteWebDriver.java:355)
	at org.openqa.selenium.remote.RemoteWebDriver.findElement(RemoteWebDriver.java:349)
	at steps.LoginSteps.theUserEntersCredentials(LoginSteps.java:18)
	at ✽.the user enters "test@example.com" and "password123"(file:///Users/fitrirahmadhani/appium-automation/src/test/resources/features/login.feature:5)
&amp#27;[0m
  &amp#27;[36mAnd &amp#27;[0m&amp#27;[36mthe user clicks the login button&amp#27;[0m                      &amp#27;[90m# steps.LoginSteps.theUserClicksLogin()&amp#27;[0m
  &amp#27;[36mThen &amp#27;[0m&amp#27;[36mthe user is logged in successfully&amp#27;[0m                   &amp#27;[90m# steps.LoginSteps.theUserIsLoggedInSuccessfully()&amp#27;[0m
]]></system-out>
    <system-err><![CDATA[SLF4J: No SLF4J providers were found.
SLF4J: Defaulting to no-operation (NOP) logger implementation
SLF4J: See https://www.slf4j.org/codes.html#noProviders for further details.
]]></system-err>
  </testcase>
</testsuite>